0.0 0.0 
28.00 0.0006042572
29.00 0.0010070954
30.00 0.0012085144
31.00 0.0009063859
32.00 0.0011581598
33.00 0.0006546120
34.00 0.0011581598
35.00 0.0016617075
36.00 0.0005539025
37.00 0.0016617075
38.00 0.0015106432
39.00 0.0017624170
40.00 0.0012588693
41.00 0.0009063859
42.00 0.0009063859
43.00 0.0014602883
44.00 0.0004531929
45.00 0.0008560311
46.00 0.0021149004
47.00 0.0011078049
48.00 0.0007553216
49.00 0.0007553216
50.00 0.0020645456
51.00 0.0016113527
52.00 0.0015106432
53.00 0.0010574502
54.00 0.0003021286
55.00 0.0015106432
56.00 0.0013595788
57.00 0.0014099337
58.00 0.0005035477
59.00 0.0012085144
60.00 0.0013092241
61.00 0.0023163196
62.00 0.0009063859
63.00 0.0029709316
64.00 0.0006042572
65.00 0.0004531929
66.00 0.0010574502
67.00 0.0009063859
68.00 0.0003524834
69.00 0.0021652551
70.00 0.0009063859
71.00 0.0010574502
72.00 0.0013595788
73.00 0.0021149004
74.00 0.0013092241
75.00 0.0013595788
76.00 0.0019638361
77.00 0.0023666741
78.00 0.0013595788
79.00 0.0008560311
80.00 0.0012588693
81.00 0.0015106432
82.00 0.0018127718
83.00 0.0019134814
84.00 0.0005035477
85.00 0.0005539025
86.00 0.0013092241
87.00 0.0009063859
88.00 0.0009567407
89.00 0.0005539025
90.00 0.0007553216
91.00 0.0014099337
92.00 0.0020141909
93.00 0.0018631265
94.00 0.0007049668
95.00 0.0015609979
96.00 0.0027695126
97.00 0.0019134814
98.00 0.0019134814
99.00 0.0004531929
100.00 0.0012085144
101.00 0.0007553216
102.00 0.0014602883
103.00 0.0011581598
104.00 0.0014602883
105.00 0.0016617075
106.00 0.0009567407
107.00 0.0026688029
108.00 0.0009063859
109.00 0.0017120622
110.00 0.0017120622
111.00 0.0005539025
112.00 0.0018631265
113.00 0.0006042572
114.00 0.0012588693
115.00 0.0011078049
116.00 0.0006042572
117.00 0.0007553216
118.00 0.0011581598
119.00 0.0004531929
120.00 0.0007553216
121.00 0.0013092241
122.00 0.0006546120
123.00 0.0013092241
124.00 0.0012588693
125.00 0.0009567407
126.00 0.0010574502
127.00 0.0009063859
128.00 0.0007049668
129.00 0.0007049668
130.00 0.0015106432
131.00 0.0012588693
132.00 0.0009063859
133.00 0.0007049668
134.00 0.0014099337
135.00 0.0009567407
136.00 0.0017120622
137.00 0.0014099337
138.00 0.0008056763
139.00 0.0004531929
140.00 0.0006042572
141.00 0.0003021286
142.00 0.0006042572
143.00 0.0012085144
144.00 0.0011581598
145.00 0.0013092241
146.00 0.0010574502
147.00 0.0010574502
148.00 0.0008560311
149.00 0.0023666741
150.00 0.0016113527
151.00 0.0014099337
152.00 0.0007553216
153.00 0.0006042572
154.00 0.0009567407
155.00 0.0008056763
156.00 0.0007553216
157.00 0.0011581598
158.00 0.0012588693
159.00 0.0015106432
160.00 0.0013595788
161.00 0.0007553216
162.00 0.0016113527
163.00 0.0011078049
164.00 0.0018127718
165.00 0.0009567407
166.00 0.0012085144
167.00 0.0010574502
168.00 0.0006042572
169.00 0.0010070954
170.00 0.0007553216
171.00 0.0005539025
172.00 0.0020141909
173.00 0.0012085144
174.00 0.0015106432
175.00 0.0010070954
176.00 0.0019134814
177.00 0.0010574502
178.00 0.0011581598
179.00 0.0008056763
180.00 0.0011078049
181.00 0.0010574502
182.00 0.0011078049
183.00 0.0004028382
184.00 0.0003021286
185.00 0.0014099337
186.00 0.0007553216
187.00 0.0009063859
188.00 0.0009063859
189.00 0.0009063859
190.00 0.0005035477
191.00 0.0005539025
192.00 0.0017120622
193.00 0.0008056763
194.00 0.0012085144
195.00 0.0007553216
196.00 0.0013092241
197.00 0.0007553216
198.00 0.0008560311
199.00 0.0008560311
200.00 0.0009567407
201.00 0.0021652551
202.00 0.0010574502
203.00 0.0023666741
204.00 0.0005035477
205.00 0.0015609979
206.00 0.0015609979
207.00 0.0019638361
208.00 0.0006546120
209.00 0.0008056763
210.00 0.0018127718
211.00 0.0018631265
212.00 0.0030716411
213.00 0.0022659649
214.00 0.0012085144
215.00 0.0007049668
216.00 0.0024673839
217.00 0.0009567407
218.00 0.0021652551
219.00 0.0016617075
220.00 0.0027191576
221.00 0.0014602883
222.00 0.0013092241
223.00 0.0013092241
224.00 0.0022156099
225.00 0.0006546120
226.00 0.0015609979
227.00 0.0011581598
228.00 0.0014099337
229.00 0.0007553216
230.00 0.0008056763
231.00 0.0009063859
232.00 0.0023163196
233.00 0.0014602883
234.00 0.0021149004
235.00 0.0015106432
236.00 0.0011078049
237.00 0.0016113527
238.00 0.0019638361
239.00 0.0012588693
240.00 0.0007049668
241.00 0.0030716411
242.00 0.0023163196
243.00 0.0006546120
244.00 0.0009567407
245.00 0.0009063859
246.00 0.0011078049
247.00 0.0008560311
248.00 0.0009063859
249.00 0.0017120622
250.00 0.0023666741
251.00 0.0016617075
252.00 0.0012085144
253.00 0.0012588693
254.00 0.0019134814
255.00 0.0009567407
256.00 0.0005539025
257.00 0.0023163196
258.00 0.0018631265
259.00 0.0014099337
260.00 0.0004028382
261.00 0.0010574502
262.00 0.0010574502
263.00 0.0007049668
264.00 0.0009567407
265.00 0.0014602883
266.00 0.0010574502
267.00 0.0008056763
268.00 0.0004028382
269.00 0.0009063859
270.00 0.0005539025
271.00 0.0005539025
272.00 0.0005035477
273.00 0.0018127718
274.00 0.0006546120
275.00 0.0017120622
276.00 0.0005035477
277.00 0.0007553216
278.00 0.0010070954
279.00 0.0012085144
280.00 0.0008560311
281.00 0.0005539025
282.00 0.0018631265
283.00 0.0006546120
284.00 0.0010574502
285.00 0.0010574502
286.00 0.0013595788
287.00 0.0007553216
288.00 0.0008056763
289.00 0.0007553216
290.00 0.0009063859
291.00 0.0008560311
292.00 0.0005539025
293.00 0.0010070954
294.00 0.0014099337
295.00 0.0018631265
296.00 0.0003524834
